<?xml version="1.0" encoding="UTF-8"?>
<testsuite xmlns:xsi="http://www.w3.org/2001/XMLSchema-instance" xsi:noNamespaceSchemaLocation="https://maven.apache.org/surefire/maven-surefire-plugin/xsd/surefire-test-report-3.0.xsd" version="3.0" name="conduitApp.feature.ConduitTest" time="6.228" tests="1" errors="0" skipped="0" failures="1">
  <properties>
    <property name="sun.desktop" value="windows"/>
    <property name="awt.toolkit" value="sun.awt.windows.WToolkit"/>
    <property name="jdk.extensions.version" value="13.0.2.0"/>
    <property name="file.encoding.pkg" value="sun.io"/>
    <property name="java.specification.version" value="13"/>
    <property name="sun.jnu.encoding" value="Cp1252"/>
    <property name="java.class.path" value="C:\Users\azima.keshwani\Desktop\LearnKarate\target\test-classes;C:\Users\azima.keshwani\Desktop\LearnKarate\target\classes;C:\Users\azima.keshwani\.m2\repository\com\intuit\karate\karate-junit5\1.0.0\karate-junit5-1.0.0.jar;C:\Users\azima.keshwani\.m2\repository\com\intuit\karate\karate-core\1.0.0\karate-core-1.0.0.jar;C:\Users\azima.keshwani\.m2\repository\org\graalvm\js\js-scriptengine\21.0.0\js-scriptengine-21.0.0.jar;C:\Users\azima.keshwani\.m2\repository\org\graalvm\sdk\graal-sdk\21.0.0\graal-sdk-21.0.0.jar;C:\Users\azima.keshwani\.m2\repository\org\graalvm\js\js\21.0.0\js-21.0.0.jar;C:\Users\azima.keshwani\.m2\repository\org\graalvm\regex\regex\21.0.0\regex-21.0.0.jar;C:\Users\azima.keshwani\.m2\repository\org\graalvm\truffle\truffle-api\21.0.0\truffle-api-21.0.0.jar;C:\Users\azima.keshwani\.m2\repository\com\ibm\icu\icu4j\67.1\icu4j-67.1.jar;C:\Users\azima.keshwani\.m2\repository\com\jayway\jsonpath\json-path\2.5.0\json-path-2.5.0.jar;C:\Users\azima.keshwani\.m2\repository\net\minidev\json-smart\2.3\json-smart-2.3.jar;C:\Users\azima.keshwani\.m2\repository\net\minidev\accessors-smart\1.2\accessors-smart-1.2.jar;C:\Users\azima.keshwani\.m2\repository\org\ow2\asm\asm\5.0.4\asm-5.0.4.jar;C:\Users\azima.keshwani\.m2\repository\info\cukes\cucumber-java\1.2.5\cucumber-java-1.2.5.jar;C:\Users\azima.keshwani\.m2\repository\info\cukes\cucumber-core\1.2.5\cucumber-core-1.2.5.jar;C:\Users\azima.keshwani\.m2\repository\org\yaml\snakeyaml\1.27\snakeyaml-1.27.jar;C:\Users\azima.keshwani\.m2\repository\de\siegmar\fastcsv\1.0.4\fastcsv-1.0.4.jar;C:\Users\azima.keshwani\.m2\repository\info\picocli\picocli\4.5.2\picocli-4.5.2.jar;C:\Users\azima.keshwani\.m2\repository\org\junit\jupiter\junit-jupiter-api\5.7.0\junit-jupiter-api-5.7.0.jar;C:\Users\azima.keshwani\.m2\repository\org\apiguardian\apiguardian-api\1.1.0\apiguardian-api-1.1.0.jar;C:\Users\azima.keshwani\.m2\repository\org\opentest4j\opentest4j\1.2.0\opentest4j-1.2.0.jar;C:\Users\azima.keshwani\.m2\repository\org\junit\platform\junit-platform-commons\1.7.0\junit-platform-commons-1.7.0.jar;C:\Users\azima.keshwani\.m2\repository\org\junit\jupiter\junit-jupiter-engine\5.7.0\junit-jupiter-engine-5.7.0.jar;C:\Users\azima.keshwani\.m2\repository\org\junit\platform\junit-platform-engine\1.7.0\junit-platform-engine-1.7.0.jar;C:\Users\azima.keshwani\.m2\repository\com\intuit\karate\karate-apache\0.9.6\karate-apache-0.9.6.jar;C:\Users\azima.keshwani\.m2\repository\org\apache\httpcomponents\httpclient\4.5.12\httpclient-4.5.12.jar;C:\Users\azima.keshwani\.m2\repository\org\apache\httpcomponents\httpcore\4.4.13\httpcore-4.4.13.jar;C:\Users\azima.keshwani\.m2\repository\commons-codec\commons-codec\1.11\commons-codec-1.11.jar;C:\Users\azima.keshwani\.m2\repository\org\apache\httpcomponents\httpmime\4.5.12\httpmime-4.5.12.jar;C:\Users\azima.keshwani\.m2\repository\org\slf4j\jcl-over-slf4j\1.7.25\jcl-over-slf4j-1.7.25.jar;C:\Users\azima.keshwani\.m2\repository\org\slf4j\slf4j-api\1.7.25\slf4j-api-1.7.25.jar;C:\Users\azima.keshwani\.m2\repository\ch\qos\logback\logback-classic\1.2.3\logback-classic-1.2.3.jar;C:\Users\azima.keshwani\.m2\repository\ch\qos\logback\logback-core\1.2.3\logback-core-1.2.3.jar;C:\Users\azima.keshwani\.m2\repository\com\github\javafaker\javafaker\1.0.2\javafaker-1.0.2.jar;C:\Users\azima.keshwani\.m2\repository\org\apache\commons\commons-lang3\3.5\commons-lang3-3.5.jar;C:\Users\azima.keshwani\.m2\repository\org\yaml\snakeyaml\1.23\snakeyaml-1.23-android.jar;C:\Users\azima.keshwani\.m2\repository\com\github\mifmif\generex\1.0.2\generex-1.0.2.jar;C:\Users\azima.keshwani\.m2\repository\dk\brics\automaton\automaton\1.11-8\automaton-1.11-8.jar;"/>
    <property name="java.vm.vendor" value="Eclipse OpenJ9"/>
    <property name="sun.arch.data.model" value="64"/>
    <property name="com.ibm.vm.bitmode" value="64"/>
    <property name="user.variant" value=""/>
    <property name="com.ibm.oti.vm.library.version" value="29"/>
    <property name="java.vendor.url" value="https://adoptopenjdk.net/"/>
    <property name="user.timezone" value="America/Chicago"/>
    <property name="os.name" value="Windows 10"/>
    <property name="java.vm.specification.version" value="13"/>
    <property name="sun.java.launcher" value="SUN_STANDARD"/>
    <property name="user.country" value="US"/>
    <property name="sun.boot.library.path" value="C:\Program Files\AdoptOpenJDK\jdk-13.0.2.8-openj9\bin\compressedrefs;C:\Program Files\AdoptOpenJDK\jdk-13.0.2.8-openj9\bin"/>
    <property name="sun.java.command" value="C:\Windows\Temp\surefire17664257145523813344\surefirebooter3523704087757055405.jar C:\Windows\Temp\surefire17664257145523813344 2022-04-06T14-36-00_571-jvmRun1 surefire9669299679940541932tmp surefire_015095203313071366767tmp"/>
    <property name="surefire.test.class.path" value="C:\Users\azima.keshwani\Desktop\LearnKarate\target\test-classes;C:\Users\azima.keshwani\Desktop\LearnKarate\target\classes;C:\Users\azima.keshwani\.m2\repository\com\intuit\karate\karate-junit5\1.0.0\karate-junit5-1.0.0.jar;C:\Users\azima.keshwani\.m2\repository\com\intuit\karate\karate-core\1.0.0\karate-core-1.0.0.jar;C:\Users\azima.keshwani\.m2\repository\org\graalvm\js\js-scriptengine\21.0.0\js-scriptengine-21.0.0.jar;C:\Users\azima.keshwani\.m2\repository\org\graalvm\sdk\graal-sdk\21.0.0\graal-sdk-21.0.0.jar;C:\Users\azima.keshwani\.m2\repository\org\graalvm\js\js\21.0.0\js-21.0.0.jar;C:\Users\azima.keshwani\.m2\repository\org\graalvm\regex\regex\21.0.0\regex-21.0.0.jar;C:\Users\azima.keshwani\.m2\repository\org\graalvm\truffle\truffle-api\21.0.0\truffle-api-21.0.0.jar;C:\Users\azima.keshwani\.m2\repository\com\ibm\icu\icu4j\67.1\icu4j-67.1.jar;C:\Users\azima.keshwani\.m2\repository\com\jayway\jsonpath\json-path\2.5.0\json-path-2.5.0.jar;C:\Users\azima.keshwani\.m2\repository\net\minidev\json-smart\2.3\json-smart-2.3.jar;C:\Users\azima.keshwani\.m2\repository\net\minidev\accessors-smart\1.2\accessors-smart-1.2.jar;C:\Users\azima.keshwani\.m2\repository\org\ow2\asm\asm\5.0.4\asm-5.0.4.jar;C:\Users\azima.keshwani\.m2\repository\info\cukes\cucumber-java\1.2.5\cucumber-java-1.2.5.jar;C:\Users\azima.keshwani\.m2\repository\info\cukes\cucumber-core\1.2.5\cucumber-core-1.2.5.jar;C:\Users\azima.keshwani\.m2\repository\org\yaml\snakeyaml\1.27\snakeyaml-1.27.jar;C:\Users\azima.keshwani\.m2\repository\de\siegmar\fastcsv\1.0.4\fastcsv-1.0.4.jar;C:\Users\azima.keshwani\.m2\repository\info\picocli\picocli\4.5.2\picocli-4.5.2.jar;C:\Users\azima.keshwani\.m2\repository\org\junit\jupiter\junit-jupiter-api\5.7.0\junit-jupiter-api-5.7.0.jar;C:\Users\azima.keshwani\.m2\repository\org\apiguardian\apiguardian-api\1.1.0\apiguardian-api-1.1.0.jar;C:\Users\azima.keshwani\.m2\repository\org\opentest4j\opentest4j\1.2.0\opentest4j-1.2.0.jar;C:\Users\azima.keshwani\.m2\repository\org\junit\platform\junit-platform-commons\1.7.0\junit-platform-commons-1.7.0.jar;C:\Users\azima.keshwani\.m2\repository\org\junit\jupiter\junit-jupiter-engine\5.7.0\junit-jupiter-engine-5.7.0.jar;C:\Users\azima.keshwani\.m2\repository\org\junit\platform\junit-platform-engine\1.7.0\junit-platform-engine-1.7.0.jar;C:\Users\azima.keshwani\.m2\repository\com\intuit\karate\karate-apache\0.9.6\karate-apache-0.9.6.jar;C:\Users\azima.keshwani\.m2\repository\org\apache\httpcomponents\httpclient\4.5.12\httpclient-4.5.12.jar;C:\Users\azima.keshwani\.m2\repository\org\apache\httpcomponents\httpcore\4.4.13\httpcore-4.4.13.jar;C:\Users\azima.keshwani\.m2\repository\commons-codec\commons-codec\1.11\commons-codec-1.11.jar;C:\Users\azima.keshwani\.m2\repository\org\apache\httpcomponents\httpmime\4.5.12\httpmime-4.5.12.jar;C:\Users\azima.keshwani\.m2\repository\org\slf4j\jcl-over-slf4j\1.7.25\jcl-over-slf4j-1.7.25.jar;C:\Users\azima.keshwani\.m2\repository\org\slf4j\slf4j-api\1.7.25\slf4j-api-1.7.25.jar;C:\Users\azima.keshwani\.m2\repository\ch\qos\logback\logback-classic\1.2.3\logback-classic-1.2.3.jar;C:\Users\azima.keshwani\.m2\repository\ch\qos\logback\logback-core\1.2.3\logback-core-1.2.3.jar;C:\Users\azima.keshwani\.m2\repository\com\github\javafaker\javafaker\1.0.2\javafaker-1.0.2.jar;C:\Users\azima.keshwani\.m2\repository\org\apache\commons\commons-lang3\3.5\commons-lang3-3.5.jar;C:\Users\azima.keshwani\.m2\repository\org\yaml\snakeyaml\1.23\snakeyaml-1.23-android.jar;C:\Users\azima.keshwani\.m2\repository\com\github\mifmif\generex\1.0.2\generex-1.0.2.jar;C:\Users\azima.keshwani\.m2\repository\dk\brics\automaton\automaton\1.11-8\automaton-1.11-8.jar;"/>
    <property name="sun.cpu.endian" value="little"/>
    <property name="user.home" value="C:\Users\azima.keshwani"/>
    <property name="user.language" value="en"/>
    <property name="java.specification.vendor" value="Oracle Corporation"/>
    <property name="java.version.date" value="2020-01-14"/>
    <property name="java.home" value="C:\Program Files\AdoptOpenJDK\jdk-13.0.2.8-openj9"/>
    <property name="ibm.signalhandling.rs" value="false"/>
    <property name="file.separator" value="\"/>
    <property name="jdk.extensions.name" value="Extensions for OpenJDK for Eclipse OpenJ9"/>
    <property name="basedir" value="C:\Users\azima.keshwani\Desktop\LearnKarate"/>
    <property name="line.separator" value="&#10;"/>
    <property name="java.vm.specification.vendor" value="Oracle Corporation"/>
    <property name="java.specification.name" value="Java Platform API Specification"/>
    <property name="java.compiler" value="j9jit29"/>
    <property name="com.ibm.util.extralibs.properties" value=""/>
    <property name="java.awt.graphicsenv" value="sun.awt.Win32GraphicsEnvironment"/>
    <property name="karate.options" value="--tags ~@ignore"/>
    <property name="com.ibm.oti.configuration" value="scar"/>
    <property name="java.awt.fonts" value=""/>
    <property name="surefire.real.class.path" value="C:\Windows\Temp\surefire17664257145523813344\surefirebooter3523704087757055405.jar"/>
    <property name="com.ibm.oti.shared.enabled" value="false"/>
    <property name="jdk.boot.class.path.append" value=""/>
    <property name="com.ibm.oti.vm.bootstrap.library.path" value="C:\Program Files\AdoptOpenJDK\jdk-13.0.2.8-openj9\bin\compressedrefs;C:\Program Files\AdoptOpenJDK\jdk-13.0.2.8-openj9\bin"/>
    <property name="com.ibm.cpu.endian" value="little"/>
    <property name="java.fullversion" value="13.0.2+8&#10;JRE 13 Windows 10 amd64-64-Bit Compressed References 20200117_154 (JIT enabled, AOT enabled)&#10;OpenJ9   - 6968c18d7&#10;OMR      - 7a1b0239a&#10;JCL      - 9c5a41bd5f based on jdk-13.0.2+8"/>
    <property name="java.runtime.version" value="13.0.2+8"/>
    <property name="user.name" value="azima.keshwani"/>
    <property name="path.separator" value=";"/>
    <property name="os.version" value="10.0"/>
    <property name="java.runtime.name" value="OpenJDK Runtime Environment"/>
    <property name="ibm.signalhandling.sigint" value="true"/>
    <property name="file.encoding" value="UTF-8"/>
    <property name="java.vm.name" value="Eclipse OpenJ9 VM"/>
    <property name="java.vendor.version" value="AdoptOpenJDK"/>
    <property name="ibm.signalhandling.sigchain" value="true"/>
    <property name="localRepository" value="C:\Users\azima.keshwani\.m2\repository"/>
    <property name="java.vendor.url.bug" value="https://github.com/AdoptOpenJDK/openjdk-support/issues"/>
    <property name="java.io.tmpdir" value="C:\Windows\TEMP\"/>
    <property name="java.version" value="13.0.2"/>
    <property name="com.ibm.system.agent.path" value="C:\Program Files\AdoptOpenJDK\jdk-13.0.2.8-openj9\bin"/>
    <property name="user.dir" value="C:\Users\azima.keshwani\Desktop\LearnKarate"/>
    <property name="os.arch" value="amd64"/>
    <property name="java.vm.specification.name" value="Java Virtual Machine Specification"/>
    <property name="java.awt.printerjob" value="sun.awt.windows.WPrinterJob"/>
    <property name="sun.nio.PageAlignDirectMemory" value="false"/>
    <property name="os.encoding" value="UTF8"/>
    <property name="java.library.path" value="C:\Program Files\AdoptOpenJDK\jdk-13.0.2.8-openj9\bin\compressedrefs;C:\Program Files\AdoptOpenJDK\jdk-13.0.2.8-openj9\bin;C:\Windows\system32;C:\Windows;C:\Program Files\AdoptOpenJDK\jdk-13.0.2.8-openj9\bin;C:\Program Files\AdoptOpenJDK\jre-13.0.2.8-hotspot\bin;C:\Program Files (x86)\AdoptOpenJDK\jre-13.0.2.8-hotspot\bin;C:\Program Files (x86)\Microsoft SDKs\Azure\CLI2\wbin;C:\Windows\system32;C:\Windows;C:\Windows\System32\Wbem;C:\Windows\System32\WindowsPowerShell\v1.0\;C:\Windows\System32\OpenSSH\;C:\Program Files\Microsoft VS Code\bin;C:\Program Files\Microsoft SQL Server\150\Tools\Binn\;C:\Program Files (x86)\Microsoft SQL Server\150\DTS\Binn\;C:\Program Files\Azure Data Studio\bin;C:\Program Files\TortoiseGit\bin;C:\Program Files\Git\cmd;C:\Program Files (x86)\Yarn\bin\;C:\Users\azima.keshwani\Desktop\node-v16.14.2-win-x86;C:\Users\azima.keshwani\Desktop\Maven\apache-maven-3.8.4\bin;;."/>
    <property name="java.vendor" value="AdoptOpenJDK"/>
    <property name="java.vm.info" value="JRE 13 Windows 10 amd64-64-Bit Compressed References 20200117_154 (JIT enabled, AOT enabled)&#10;OpenJ9   - 6968c18d7&#10;OMR      - 7a1b0239a&#10;JCL      - 9c5a41bd5f based on jdk-13.0.2+8"/>
    <property name="sun.nio.MaxDirectMemorySize" value="3684696064"/>
    <property name="java.vm.version" value="openj9-0.18.0"/>
    <property name="com.ibm.jcl.checkClassPath" value=""/>
    <property name="ibm.system.encoding" value="Cp1252"/>
    <property name="sun.io.unicode.encoding" value="UnicodeLittle"/>
    <property name="java.class.version" value="57.0"/>
  </properties>
  <testcase name="testParallel" classname="conduitApp.feature.ConduitTest" time="6.21">
    <failure type="org.opentest4j.AssertionFailedError"><![CDATA[org.opentest4j.AssertionFailedError: 
match failed: EQUALS
  $ | not equal (STRING:STRING)
  'Helman Tallhart'
  'Clydas'

classpath:conduitApp/feature/Articles.feature:43
match failed: EQUALS
  $ | not equal (NUMBER:NUMBER)
  1
  2

classpath:conduitApp/feature/homework.feature:63 ==> expected: <0> but was: <2>
	at conduitApp.feature.ConduitTest.testParallel(ConduitTest.java:28)
]]></failure>
    <system-out><![CDATA[14:36:02.237 [main] WARN  com.intuit.karate.Runner - the @KarateOptions annotation is deprecated, please use Runner.builder()
14:36:02.516 [main] INFO  com.intuit.karate.Runner - using system property 'karate.options': --tags ~@ignore
14:36:02.822 [main] DEBUG com.intuit.karate.Suite - [config] classpath:karate-config.js
14:36:02.831 [main] INFO  com.intuit.karate.Suite - backed up existing 'target\karate-reports' dir to: target\karate-reports_1649273762824
14:36:02.839 [main] DEBUG com.intuit.karate.Suite - waiting for 5 features to complete
14:36:03.821 [pool-2-thread-3] INFO  com.intuit.karate - karate.env system property was: null 
14:36:03.821 [pool-2-thread-4] INFO  com.intuit.karate - karate.env system property was: null 
14:36:03.821 [pool-2-thread-5] INFO  com.intuit.karate - karate.env system property was: null 
14:36:03.821 [pool-2-thread-2] INFO  com.intuit.karate - karate.env system property was: null 
14:36:03.821 [pool-2-thread-1] INFO  com.intuit.karate - karate.env system property was: null 
14:36:03.833 [pool-2-thread-2] INFO  com.intuit.karate - >> lock acquired, begin callSingle: classpath:conduitApp/helpers/CreateToken.feature
14:36:04.229 [pool-2-thread-2] DEBUG com.intuit.karate - request:
1 > POST https://api.realworld.io/api/users/login
1 > Content-Type: application/json; charset=UTF-8
1 > Content-Length: 56
1 > Host: api.realworld.io
1 > Connection: Keep-Alive
1 > User-Agent: Apache-HttpClient/4.5.13 (Java/13.0.2)
1 > Accept-Encoding: gzip,deflate
{"user":{"password":"123456","email":"azima@gmail.com"}}

14:36:04.713 [pool-2-thread-2] DEBUG com.intuit.karate - response time in milliseconds: 483
1 < 200
1 < Date: Wed, 06 Apr 2022 19:32:40 GMT
1 < Content-Type: application/json; charset=utf-8
1 < Transfer-Encoding: chunked
1 < Connection: keep-alive
1 < X-Powered-By: Express
1 < Access-Control-Allow-Origin: *
1 < Etag: W/"14c-VMbzWPNdbSgJUY5sSxYD2Wsvjxk"
1 < Via: 1.1 vegur
1 < CF-Cache-Status: DYNAMIC
1 < Expect-CT: max-age=604800, report-uri="https://report-uri.cloudflare.com/cdn-cgi/beacon/expect-ct"
1 < Report-To: {"endpoints":[{"url":"https:\/\/a.nel.cloudflare.com\/report\/v3?s=VhL7aLFo3bIo3QBydD4gdIEPDbD%2BH5zbF69lJ%2FFaHvmrWJffdaWJLO3Y0fNnWrCBuXb69FeZp04v7zvxS3RygFGk038pEFeq86w0jAqoncRaxpK7wXxBM%2BlUeqF7awyZCaKP"}],"group":"cf-nel","max_age":604800}
1 < NEL: {"success_fraction":0,"report_to":"cf-nel","max_age":604800}
1 < Server: cloudflare
1 < CF-RAY: 6f7cf367a94a9ea6-DFW
1 < alt-svc: h3=":443"; ma=86400, h3-29=":443"; ma=86400
{"user":{"image":"https:\/\/api.realworld.io\/images\/smiley-cyrus.jpeg","bio":null,"email":"azima@gmail.com","username":"azima123","token":"eyJhbGciOiJIUzI1NiIsInR5cCI6IkpXVCJ9.eyJlbWFpbCI6ImF6aW1hQGdtYWlsLmNvbSIsInVzZXJuYW1lIjoiYXppbWExMjMiLCJpYXQiOjE2NDkyNzM1NjAsImV4cCI6MTY1NDQ1NzU2MH0.vxqmBgUskP3hDTJ4r7DYQMlvAmbLuo6PcyTon6DeDF8"}}
14:36:04.719 [pool-2-thread-2] INFO  com.intuit.karate - << lock released, cached callSingle: classpath:conduitApp/helpers/CreateToken.feature
14:36:04.720 [pool-2-thread-5] WARN  com.intuit.karate - this thread waited 887 milliseconds for callSingle lock: classpath:conduitApp/helpers/CreateToken.feature
14:36:04.720 [pool-2-thread-3] WARN  com.intuit.karate - this thread waited 886 milliseconds for callSingle lock: classpath:conduitApp/helpers/CreateToken.feature
14:36:04.720 [pool-2-thread-4] WARN  com.intuit.karate - this thread waited 887 milliseconds for callSingle lock: classpath:conduitApp/helpers/CreateToken.feature
14:36:04.721 [pool-2-thread-1] WARN  com.intuit.karate - this thread waited 886 milliseconds for callSingle lock: classpath:conduitApp/helpers/CreateToken.feature
14:36:04.727 [pool-2-thread-3] DEBUG com.intuit.karate - request:
1 > GET https://api.realworld.io/api/tags
1 > Authorization: Token eyJhbGciOiJIUzI1NiIsInR5cCI6IkpXVCJ9.eyJlbWFpbCI6ImF6aW1hQGdtYWlsLmNvbSIsInVzZXJuYW1lIjoiYXppbWExMjMiLCJpYXQiOjE2NDkyNzM1NjAsImV4cCI6MTY1NDQ1NzU2MH0.vxqmBgUskP3hDTJ4r7DYQMlvAmbLuo6PcyTon6DeDF8
1 > Host: api.realworld.io
1 > Connection: Keep-Alive
1 > User-Agent: Apache-HttpClient/4.5.13 (Java/13.0.2)
1 > Accept-Encoding: gzip,deflate


14:36:04.743 [pool-2-thread-5] DEBUG com.intuit.karate - request:
1 > GET https://api.realworld.io/api/articles?offset=0&limit=10
1 > Authorization: Token eyJhbGciOiJIUzI1NiIsInR5cCI6IkpXVCJ9.eyJlbWFpbCI6ImF6aW1hQGdtYWlsLmNvbSIsInVzZXJuYW1lIjoiYXppbWExMjMiLCJpYXQiOjE2NDkyNzM1NjAsImV4cCI6MTY1NDQ1NzU2MH0.vxqmBgUskP3hDTJ4r7DYQMlvAmbLuo6PcyTon6DeDF8
1 > Host: api.realworld.io
1 > Connection: Keep-Alive
1 > User-Agent: Apache-HttpClient/4.5.13 (Java/13.0.2)
1 > Accept-Encoding: gzip,deflate


14:36:04.743 [pool-2-thread-4] DEBUG com.intuit.karate - request:
1 > GET https://api.realworld.io/api/articles?offset=0&limit=10
1 > Authorization: Token eyJhbGciOiJIUzI1NiIsInR5cCI6IkpXVCJ9.eyJlbWFpbCI6ImF6aW1hQGdtYWlsLmNvbSIsInVzZXJuYW1lIjoiYXppbWExMjMiLCJpYXQiOjE2NDkyNzM1NjAsImV4cCI6MTY1NDQ1NzU2MH0.vxqmBgUskP3hDTJ4r7DYQMlvAmbLuo6PcyTon6DeDF8
1 > Host: api.realworld.io
1 > Connection: Keep-Alive
1 > User-Agent: Apache-HttpClient/4.5.13 (Java/13.0.2)
1 > Accept-Encoding: gzip,deflate


Helman Tallhart
Clydas
14:36:04.891 [pool-2-thread-2] DEBUG com.intuit.karate - request:
1 > POST https://api.realworld.io/api/users/login
1 > Authorization: Token eyJhbGciOiJIUzI1NiIsInR5cCI6IkpXVCJ9.eyJlbWFpbCI6ImF6aW1hQGdtYWlsLmNvbSIsInVzZXJuYW1lIjoiYXppbWExMjMiLCJpYXQiOjE2NDkyNzM1NjAsImV4cCI6MTY1NDQ1NzU2MH0.vxqmBgUskP3hDTJ4r7DYQMlvAmbLuo6PcyTon6DeDF8
1 > Content-Type: application/json; charset=UTF-8
1 > Content-Length: 56
1 > Host: api.realworld.io
1 > Connection: Keep-Alive
1 > User-Agent: Apache-HttpClient/4.5.13 (Java/13.0.2)
1 > Accept-Encoding: gzip,deflate
{"user":{"password":"123456","email":"azima@gmail.com"}}

14:36:04.891 [pool-2-thread-1] DEBUG com.intuit.karate - request:
1 > POST https://api.realworld.io/api/users/login
1 > Authorization: Token eyJhbGciOiJIUzI1NiIsInR5cCI6IkpXVCJ9.eyJlbWFpbCI6ImF6aW1hQGdtYWlsLmNvbSIsInVzZXJuYW1lIjoiYXppbWExMjMiLCJpYXQiOjE2NDkyNzM1NjAsImV4cCI6MTY1NDQ1NzU2MH0.vxqmBgUskP3hDTJ4r7DYQMlvAmbLuo6PcyTon6DeDF8
1 > Content-Type: application/json; charset=UTF-8
1 > Content-Length: 56
1 > Host: api.realworld.io
1 > Connection: Keep-Alive
1 > User-Agent: Apache-HttpClient/4.5.13 (Java/13.0.2)
1 > Accept-Encoding: gzip,deflate
{"user":{"password":"123456","email":"azima@gmail.com"}}

14:36:04.937 [pool-2-thread-3] DEBUG com.intuit.karate - response time in milliseconds: 209
1 < 200
1 < Date: Wed, 06 Apr 2022 19:32:40 GMT
1 < Content-Type: application/json; charset=utf-8
1 < Transfer-Encoding: chunked
1 < Connection: keep-alive
1 < X-Powered-By: Express
1 < Access-Control-Allow-Origin: *
1 < Etag: W/"44-/BOFNqaPYAsbgDo80ZQcPOFf7l8"
1 < Via: 1.1 vegur
1 < CF-Cache-Status: DYNAMIC
1 < Expect-CT: max-age=604800, report-uri="https://report-uri.cloudflare.com/cdn-cgi/beacon/expect-ct"
1 < Report-To: {"endpoints":[{"url":"https:\/\/a.nel.cloudflare.com\/report\/v3?s=iDdAL68HF9s9kH6Zl38dGRoV38YsiH%2FpZBLAwSGxC8pAB%2B26Icvscj6fjGdddLKwj%2FXsfzZclYGm8jE67Bao7RqSxG63f%2BtEcpSt7bT73nKHCKhXYNgZfP2Ac%2BhakXlwNV5N"}],"group":"cf-nel","max_age":604800}
1 < NEL: {"success_fraction":0,"report_to":"cf-nel","max_age":604800}
1 < Server: cloudflare
1 < CF-RAY: 6f7cf369bd300ba1-DFW
1 < alt-svc: h3=":443"; ma=86400, h3-29=":443"; ma=86400
{"tags":["welcome","implementations","codebaseShow","introduction"]}
14:36:04.955 [pool-2-thread-3] INFO  com.intuit.karate - karate.env system property was: null 
14:36:04.958 [pool-2-thread-3] INFO  com.intuit.karate - >> lock acquired, begin callonce: read('classpath:conduitApp/helpers/Dummy.feature')
14:36:04.998 [pool-2-thread-3] INFO  com.intuit.karate - [print] myrta.goodwin 
14:36:04.998 [pool-2-thread-3] INFO  com.intuit.karate - << lock released, cached callonce: read('classpath:conduitApp/helpers/Dummy.feature')
14:36:05.000 [pool-2-thread-3] INFO  com.intuit.karate - [print] myrta.goodwin 
14:36:05.001 [pool-2-thread-3] INFO  com.intuit.karate - [print] This is first Scenario 
14:36:05.006 [pool-2-thread-3] WARN  com.intuit.karate - over-writing existing variable 'username' with new value: dataGenerator.getRandomUserName()
14:36:05.026 [pool-2-thread-3] INFO  com.intuit.karate - [print] bryce.jerde 
14:36:05.033 [pool-2-thread-3] INFO  com.intuit.karate - karate.env system property was: null 
14:36:05.038 [pool-2-thread-3] INFO  com.intuit.karate - [print] myrta.goodwin 
14:36:05.038 [pool-2-thread-3] INFO  com.intuit.karate - [print] This is second scenario 
14:36:05.046 [pool-2-thread-3] WARN  com.intuit.karate - over-writing existing variable 'username' with new value: dataGenerator.getRandomUserName()
14:36:05.063 [pool-2-thread-3] INFO  com.intuit.karate - [print] erik.runolfsdottir 
14:36:05.068 [pool-2-thread-3] INFO  com.intuit.karate - karate.env system property was: null 
14:36:05.105 [pool-2-thread-3] DEBUG com.intuit.karate - request:
1 > POST https://api.realworld.io/api/users
1 > Authorization: Token eyJhbGciOiJIUzI1NiIsInR5cCI6IkpXVCJ9.eyJlbWFpbCI6ImF6aW1hQGdtYWlsLmNvbSIsInVzZXJuYW1lIjoiYXppbWExMjMiLCJpYXQiOjE2NDkyNzM1NjAsImV4cCI6MTY1NDQ1NzU2MH0.vxqmBgUskP3hDTJ4r7DYQMlvAmbLuo6PcyTon6DeDF8
1 > Content-Type: application/json; charset=UTF-8
1 > Content-Length: 81
1 > Host: api.realworld.io
1 > Connection: Keep-Alive
1 > User-Agent: Apache-HttpClient/4.5.13 (Java/13.0.2)
1 > Accept-Encoding: gzip,deflate
{"user":{"password":"Karate123","email":"lourdes21@test.com","username":"azima"}}

14:36:05.376 [pool-2-thread-5] DEBUG com.intuit.karate - response time in milliseconds: 629
1 < 200
1 < Date: Wed, 06 Apr 2022 19:32:41 GMT
1 < Content-Type: application/json; charset=utf-8
1 < Transfer-Encoding: chunked
1 < Connection: keep-alive
1 < X-Powered-By: Express
1 < Access-Control-Allow-Origin: *
1 < Etag: W/"f10-zklZlMebluLIW4oyrSU5j2N5Fo8"
1 < Via: 1.1 vegur
1 < CF-Cache-Status: DYNAMIC
1 < Expect-CT: max-age=604800, report-uri="https://report-uri.cloudflare.com/cdn-cgi/beacon/expect-ct"
1 < Report-To: {"endpoints":[{"url":"https:\/\/a.nel.cloudflare.com\/report\/v3?s=IM%2FWZKpOx%2Bywn6b9VWJnjSYMTqdwxrfNcM4MQD6UI%2Fw39AhcyCA1wRZ%2B8NQpo8GC3LTpN6uKXVxFTNutgNbGNe%2BM1stGcX4TwQzu9EUiQilGn0xHbHl0G%2FGa0vAkI6GVRo0U"}],"group":"cf-nel","max_age":604800}
1 < NEL: {"success_fraction":0,"report_to":"cf-nel","max_age":604800}
1 < Server: cloudflare
1 < CF-RAY: 6f7cf369ecb193d1-DFW
1 < alt-svc: h3=":443"; ma=86400, h3-29=":443"; ma=86400
{"articlesCount":11,"articles":[{"tagList":[],"createdAt":"2022-03-28T21:24:49.596Z","author":{"image":"https:\/\/api.realworld.io\/images\/smiley-cyrus.jpeg","following":false,"bio":null,"username":"azima123"},"description":"Ar Noy","title":"Alayaya","body":"Every flight begins with a fall.","favoritesCount":1,"slug":"Alayaya-32615","updatedAt":"2022-03-28T21:24:49.596Z","favorited":true},{"tagList":[],"createdAt":"2022-03-28T20:54:13.658Z","author":{"image":"https:\/\/api.realworld.io\/images\/smiley-cyrus.jpeg","following":false,"bio":null,"username":"azima123"},"description":"Qarth","title":"Maron Volmark","body":"Nothing burns like the cold.","favoritesCount":1,"slug":"Maron-Volmark-32615","updatedAt":"2022-03-28T20:54:13.658Z","favorited":true},{"tagList":[],"createdAt":"2022-03-28T20:52:13.583Z","author":{"image":"https:\/\/api.realworld.io\/images\/smiley-cyrus.jpeg","following":false,"bio":null,"username":"azima123"},"description":"buh1bug","title":"Edwyn Frey","body":"buh1 bug","favoritesCount":0,"slug":"Edwyn-Frey-32615","updatedAt":"2022-03-28T20:52:13.583Z","favorited":false},{"tagList":[],"createdAt":"2022-03-25T21:52:21.329Z","author":{"image":"https:\/\/api.realworld.io\/images\/smiley-cyrus.jpeg","following":false,"bio":null,"username":"azima123"},"description":"buh1bug","title":"buh1 bug","body":"buh1 bug","favoritesCount":0,"slug":"buh1-bug-32615","updatedAt":"2022-03-25T21:52:21.329Z","favorited":false},{"tagList":[],"createdAt":"2022-03-25T21:43:44.105Z","author":{"image":"https:\/\/api.realworld.io\/images\/smiley-cyrus.jpeg","following":false,"bio":null,"username":"azima123"},"description":"buh bug","title":"buh bug","body":"buh bug","favoritesCount":0,"slug":"buh-bug-32615","updatedAt":"2022-03-25T21:43:44.105Z","favorited":false},{"tagList":[],"createdAt":"2022-03-23T20:01:03.052Z","author":{"image":"https:\/\/api.realworld.io\/images\/smiley-cyrus.jpeg","following":false,"bio":null,"username":"azima123"},"description":"article","title":"Bla blu","body":"article","favoritesCount":0,"slug":"Bla-blu-32615","updatedAt":"2022-03-23T20:01:03.052Z","favorited":false},{"tagList":[],"createdAt":"2022-03-23T18:31:15.005Z","author":{"image":"https:\/\/api.realworld.io\/images\/smiley-cyrus.jpeg","following":false,"bio":null,"username":"azima123"},"description":"article","title":"Delete","body":"article","favoritesCount":0,"slug":"Delete-32615","updatedAt":"2022-03-23T18:31:15.005Z","favorited":false},{"tagList":[],"createdAt":"2022-03-23T15:28:56.998Z","author":{"image":"https:\/\/api.realworld.io\/images\/smiley-cyrus.jpeg","following":false,"bio":null,"username":"azima123"},"description":"this is topic","title":"Some title","body":"this is article","favoritesCount":0,"slug":"Some-title-32615","updatedAt":"2022-03-23T15:28:56.998Z","favorited":false},{"tagList":["implementations"],"createdAt":"2021-11-24T12:11:08.212Z","author":{"image":"https:\/\/api.realworld.io\/images\/demo-avatar.png","following":false,"bio":null,"username":"Gerome"},"description":"join the community by creating a new implementation","title":"Create a new implementation","body":"Share your knowledge and enpower the community by creating a new implementation","favoritesCount":1783,"slug":"Create-a-new-implementation-1","updatedAt":"2021-11-24T12:11:08.212Z","favorited":true},{"tagList":["codebaseShow","implementations"],"createdAt":"2021-11-24T12:11:07.952Z","author":{"image":"https:\/\/api.realworld.io\/images\/demo-avatar.png","following":false,"bio":null,"username":"Gerome"},"description":"discover the implementations created by the RealWorld community","title":"Explore implementations","body":"Over 100 implementations have been created using various languages, libraries, and frameworks.\n\nExplore them on CodebaseShow.","favoritesCount":1105,"slug":"Explore-implementations-1","updatedAt":"2021-11-24T12:11:07.952Z","favorited":false}]}
14:36:05.384 [pool-2-thread-5] INFO  com.intuit.karate - [print] Fav Count is 1 
14:36:05.390 [pool-2-thread-5] DEBUG com.intuit.karate - request:
2 > POST https://api.realworld.io/api/articles/Alayaya-32615/favorite
2 > Authorization: Token eyJhbGciOiJIUzI1NiIsInR5cCI6IkpXVCJ9.eyJlbWFpbCI6ImF6aW1hQGdtYWlsLmNvbSIsInVzZXJuYW1lIjoiYXppbWExMjMiLCJpYXQiOjE2NDkyNzM1NjAsImV4cCI6MTY1NDQ1NzU2MH0.vxqmBgUskP3hDTJ4r7DYQMlvAmbLuo6PcyTon6DeDF8
2 > Content-Type: application/json; charset=UTF-8
2 > Content-Length: 2
2 > Host: api.realworld.io
2 > Connection: Keep-Alive
2 > User-Agent: Apache-HttpClient/4.5.13 (Java/13.0.2)
2 > Accept-Encoding: gzip,deflate
{}

14:36:05.434 [pool-2-thread-2] DEBUG com.intuit.karate - response time in milliseconds: 543
1 < 200
1 < Date: Wed, 06 Apr 2022 19:32:41 GMT
1 < Content-Type: application/json; charset=utf-8
1 < Transfer-Encoding: chunked
1 < Connection: keep-alive
1 < X-Powered-By: Express
1 < Access-Control-Allow-Origin: *
1 < Etag: W/"14c-hzNdirzVcmmiD3/h76aTjEWaioc"
1 < Via: 1.1 vegur
1 < CF-Cache-Status: DYNAMIC
1 < Expect-CT: max-age=604800, report-uri="https://report-uri.cloudflare.com/cdn-cgi/beacon/expect-ct"
1 < Report-To: {"endpoints":[{"url":"https:\/\/a.nel.cloudflare.com\/report\/v3?s=8zPI2kti4Fv%2BGQhdgVME9DIbeIvT0TguCNjGJIN1m0FHZLOSxsdFIY2YozwVFIAS7658MnNmV4EubDHP3mhplu%2FFGDLyHfaJFH9F71mCg6Vk7Mut%2F8ByHOCx1saL%2B0%2BO66Tz"}],"group":"cf-nel","max_age":604800}
1 < NEL: {"success_fraction":0,"report_to":"cf-nel","max_age":604800}
1 < Server: cloudflare
1 < CF-RAY: 6f7cf36adbb76793-DFW
1 < alt-svc: h3=":443"; ma=86400, h3-29=":443"; ma=86400
{"user":{"image":"https:\/\/api.realworld.io\/images\/smiley-cyrus.jpeg","bio":null,"email":"azima@gmail.com","username":"azima123","token":"eyJhbGciOiJIUzI1NiIsInR5cCI6IkpXVCJ9.eyJlbWFpbCI6ImF6aW1hQGdtYWlsLmNvbSIsInVzZXJuYW1lIjoiYXppbWExMjMiLCJpYXQiOjE2NDkyNzM1NjEsImV4cCI6MTY1NDQ1NzU2MX0.HdkCcuEqsS9i3yM52BU4ay3iY87ro1koSOzg9y83Vgw"}}
14:36:05.435 [pool-2-thread-1] DEBUG com.intuit.karate - response time in milliseconds: 543
1 < 200
1 < Date: Wed, 06 Apr 2022 19:32:41 GMT
1 < Content-Type: application/json; charset=utf-8
1 < Transfer-Encoding: chunked
1 < Connection: keep-alive
1 < X-Powered-By: Express
1 < Access-Control-Allow-Origin: *
1 < Etag: W/"14c-hzNdirzVcmmiD3/h76aTjEWaioc"
1 < Via: 1.1 vegur
1 < CF-Cache-Status: DYNAMIC
1 < Expect-CT: max-age=604800, report-uri="https://report-uri.cloudflare.com/cdn-cgi/beacon/expect-ct"
1 < Report-To: {"endpoints":[{"url":"https:\/\/a.nel.cloudflare.com\/report\/v3?s=%2F7qBvBp2qjH40L8mL5kjsV7CrwQ%2Fz%2FZnRK52ZOzLzCg9ebEM5Up80aSl8DsSs0jNo%2Ft0%2BF8OHOOreZDBl%2BV3ydfN2jtyed1wRC3bjF2ZvKQVdhPz3K1f%2FHS621vtuTtUy5id"}],"group":"cf-nel","max_age":604800}
1 < NEL: {"success_fraction":0,"report_to":"cf-nel","max_age":604800}
1 < Server: cloudflare
1 < CF-RAY: 6f7cf36aea5de023-DFW
1 < alt-svc: h3=":443"; ma=86400, h3-29=":443"; ma=86400
{"user":{"image":"https:\/\/api.realworld.io\/images\/smiley-cyrus.jpeg","bio":null,"email":"azima@gmail.com","username":"azima123","token":"eyJhbGciOiJIUzI1NiIsInR5cCI6IkpXVCJ9.eyJlbWFpbCI6ImF6aW1hQGdtYWlsLmNvbSIsInVzZXJuYW1lIjoiYXppbWExMjMiLCJpYXQiOjE2NDkyNzM1NjEsImV4cCI6MTY1NDQ1NzU2MX0.HdkCcuEqsS9i3yM52BU4ay3iY87ro1koSOzg9y83Vgw"}}
14:36:05.438 [pool-2-thread-2] INFO  com.intuit.karate - >> lock acquired, begin callonce: read('classpath:conduitApp/helpers/CreateToken.feature')
14:36:05.443 [pool-2-thread-4] DEBUG com.intuit.karate - response time in milliseconds: 698
1 < 200
1 < Date: Wed, 06 Apr 2022 19:32:41 GMT
1 < Content-Type: application/json; charset=utf-8
1 < Transfer-Encoding: chunked
1 < Connection: keep-alive
1 < X-Powered-By: Express
1 < Access-Control-Allow-Origin: *
1 < Etag: W/"f10-zklZlMebluLIW4oyrSU5j2N5Fo8"
1 < Via: 1.1 vegur
1 < CF-Cache-Status: DYNAMIC
1 < Expect-CT: max-age=604800, report-uri="https://report-uri.cloudflare.com/cdn-cgi/beacon/expect-ct"
1 < Report-To: {"endpoints":[{"url":"https:\/\/a.nel.cloudflare.com\/report\/v3?s=eZ1lDL%2FNP82g3SxV%2Fx0kV8hp2JZKWQuAOPq%2BeB3l7nvNDv2%2Blqr3JthG9yZPL1OdSbRih%2Bv7nZANrTORCx7BT7j0%2FBYhECmeVHpHJkLtd54O%2Fo2qQqsOSDuFejl3kKFdRUAO"}],"group":"cf-nel","max_age":604800}
1 < NEL: {"success_fraction":0,"report_to":"cf-nel","max_age":604800}
1 < Server: cloudflare
1 < CF-RAY: 6f7cf36a2fb29ed6-DFW
1 < alt-svc: h3=":443"; ma=86400, h3-29=":443"; ma=86400
{"articlesCount":11,"articles":[{"tagList":[],"createdAt":"2022-03-28T21:24:49.596Z","author":{"image":"https:\/\/api.realworld.io\/images\/smiley-cyrus.jpeg","following":false,"bio":null,"username":"azima123"},"description":"Ar Noy","title":"Alayaya","body":"Every flight begins with a fall.","favoritesCount":1,"slug":"Alayaya-32615","updatedAt":"2022-03-28T21:24:49.596Z","favorited":true},{"tagList":[],"createdAt":"2022-03-28T20:54:13.658Z","author":{"image":"https:\/\/api.realworld.io\/images\/smiley-cyrus.jpeg","following":false,"bio":null,"username":"azima123"},"description":"Qarth","title":"Maron Volmark","body":"Nothing burns like the cold.","favoritesCount":1,"slug":"Maron-Volmark-32615","updatedAt":"2022-03-28T20:54:13.658Z","favorited":true},{"tagList":[],"createdAt":"2022-03-28T20:52:13.583Z","author":{"image":"https:\/\/api.realworld.io\/images\/smiley-cyrus.jpeg","following":false,"bio":null,"username":"azima123"},"description":"buh1bug","title":"Edwyn Frey","body":"buh1 bug","favoritesCount":0,"slug":"Edwyn-Frey-32615","updatedAt":"2022-03-28T20:52:13.583Z","favorited":false},{"tagList":[],"createdAt":"2022-03-25T21:52:21.329Z","author":{"image":"https:\/\/api.realworld.io\/images\/smiley-cyrus.jpeg","following":false,"bio":null,"username":"azima123"},"description":"buh1bug","title":"buh1 bug","body":"buh1 bug","favoritesCount":0,"slug":"buh1-bug-32615","updatedAt":"2022-03-25T21:52:21.329Z","favorited":false},{"tagList":[],"createdAt":"2022-03-25T21:43:44.105Z","author":{"image":"https:\/\/api.realworld.io\/images\/smiley-cyrus.jpeg","following":false,"bio":null,"username":"azima123"},"description":"buh bug","title":"buh bug","body":"buh bug","favoritesCount":0,"slug":"buh-bug-32615","updatedAt":"2022-03-25T21:43:44.105Z","favorited":false},{"tagList":[],"createdAt":"2022-03-23T20:01:03.052Z","author":{"image":"https:\/\/api.realworld.io\/images\/smiley-cyrus.jpeg","following":false,"bio":null,"username":"azima123"},"description":"article","title":"Bla blu","body":"article","favoritesCount":0,"slug":"Bla-blu-32615","updatedAt":"2022-03-23T20:01:03.052Z","favorited":false},{"tagList":[],"createdAt":"2022-03-23T18:31:15.005Z","author":{"image":"https:\/\/api.realworld.io\/images\/smiley-cyrus.jpeg","following":false,"bio":null,"username":"azima123"},"description":"article","title":"Delete","body":"article","favoritesCount":0,"slug":"Delete-32615","updatedAt":"2022-03-23T18:31:15.005Z","favorited":false},{"tagList":[],"createdAt":"2022-03-23T15:28:56.998Z","author":{"image":"https:\/\/api.realworld.io\/images\/smiley-cyrus.jpeg","following":false,"bio":null,"username":"azima123"},"description":"this is topic","title":"Some title","body":"this is article","favoritesCount":0,"slug":"Some-title-32615","updatedAt":"2022-03-23T15:28:56.998Z","favorited":false},{"tagList":["implementations"],"createdAt":"2021-11-24T12:11:08.212Z","author":{"image":"https:\/\/api.realworld.io\/images\/demo-avatar.png","following":false,"bio":null,"username":"Gerome"},"description":"join the community by creating a new implementation","title":"Create a new implementation","body":"Share your knowledge and enpower the community by creating a new implementation","favoritesCount":1783,"slug":"Create-a-new-implementation-1","updatedAt":"2021-11-24T12:11:08.212Z","favorited":true},{"tagList":["codebaseShow","implementations"],"createdAt":"2021-11-24T12:11:07.952Z","author":{"image":"https:\/\/api.realworld.io\/images\/demo-avatar.png","following":false,"bio":null,"username":"Gerome"},"description":"discover the implementations created by the RealWorld community","title":"Explore implementations","body":"Over 100 implementations have been created using various languages, libraries, and frameworks.\n\nExplore them on CodebaseShow.","favoritesCount":1105,"slug":"Explore-implementations-1","updatedAt":"2021-11-24T12:11:07.952Z","favorited":false}]}
14:36:05.449 [pool-2-thread-2] DEBUG com.intuit.karate - request:
1 > POST https://api.realworld.io/api/users/login
1 > Authorization: Token eyJhbGciOiJIUzI1NiIsInR5cCI6IkpXVCJ9.eyJlbWFpbCI6ImF6aW1hQGdtYWlsLmNvbSIsInVzZXJuYW1lIjoiYXppbWExMjMiLCJpYXQiOjE2NDkyNzM1NjAsImV4cCI6MTY1NDQ1NzU2MH0.vxqmBgUskP3hDTJ4r7DYQMlvAmbLuo6PcyTon6DeDF8
1 > Content-Type: application/json; charset=UTF-8
1 > Content-Length: 56
1 > Host: api.realworld.io
1 > Connection: Keep-Alive
1 > User-Agent: Apache-HttpClient/4.5.13 (Java/13.0.2)
1 > Accept-Encoding: gzip,deflate
{"user":{"password":"123456","email":"azima@gmail.com"}}

14:36:05.453 [pool-2-thread-4] INFO  com.intuit.karate - karate.env system property was: null 
14:36:05.455 [pool-2-thread-3] DEBUG com.intuit.karate - response time in milliseconds: 350
1 < 422
1 < Date: Wed, 06 Apr 2022 19:32:41 GMT
1 < Content-Type: application/json; charset=utf-8
1 < Content-Length: 50
1 < Connection: keep-alive
1 < X-Powered-By: Express
1 < Access-Control-Allow-Origin: *
1 < Etag: W/"32-JsHJTKwNHW5NSVjFTl5ds7a++54"
1 < Via: 1.1 vegur
1 < CF-Cache-Status: DYNAMIC
1 < Expect-CT: max-age=604800, report-uri="https://report-uri.cloudflare.com/cdn-cgi/beacon/expect-ct"
1 < Report-To: {"endpoints":[{"url":"https:\/\/a.nel.cloudflare.com\/report\/v3?s=7Z8HPaHpUpAHNkPA1odRmfbyabwcwxBHQRr6JmMPbDfj7gZFyMg24EzupWCUH1XynXmJEkTuek7XtdFPwMS6sxrQsPYabQYYHNp3tBE%2BjxNNgPUjn9Mhf5dZh%2BXRYZHNr3FE"}],"group":"cf-nel","max_age":604800}
1 < NEL: {"success_fraction":0,"report_to":"cf-nel","max_age":604800}
1 < Server: cloudflare
1 < CF-RAY: 6f7cf36c393d9f00-DFW
1 < alt-svc: h3=":443"; ma=86400, h3-29=":443"; ma=86400
{"errors":{"username":["has already been taken"]}}
14:36:05.463 [pool-2-thread-3] INFO  com.intuit.karate - karate.env system property was: null 
14:36:05.500 [pool-2-thread-4] DEBUG com.intuit.karate - request:
1 > POST https://api.realworld.io/api/users
1 > Authorization: Token eyJhbGciOiJIUzI1NiIsInR5cCI6IkpXVCJ9.eyJlbWFpbCI6ImF6aW1hQGdtYWlsLmNvbSIsInVzZXJuYW1lIjoiYXppbWExMjMiLCJpYXQiOjE2NDkyNzM1NjAsImV4cCI6MTY1NDQ1NzU2MH0.vxqmBgUskP3hDTJ4r7DYQMlvAmbLuo6PcyTon6DeDF8
1 > Content-Type: application/json; charset=UTF-8
1 > Content-Length: 85
1 > Host: api.realworld.io
1 > Connection: Keep-Alive
1 > User-Agent: Apache-HttpClient/4.5.13 (Java/13.0.2)
1 > Accept-Encoding: gzip,deflate
{"user":{"password":"123Karate123","email":"azima23@gmail.com","username":"azima12"}}

14:36:05.507 [pool-2-thread-3] DEBUG com.intuit.karate - request:
1 > POST https://api.realworld.io/api/users
1 > Authorization: Token eyJhbGciOiJIUzI1NiIsInR5cCI6IkpXVCJ9.eyJlbWFpbCI6ImF6aW1hQGdtYWlsLmNvbSIsInVzZXJuYW1lIjoiYXppbWExMjMiLCJpYXQiOjE2NDkyNzM1NjAsImV4cCI6MTY1NDQ1NzU2MH0.vxqmBgUskP3hDTJ4r7DYQMlvAmbLuo6PcyTon6DeDF8
1 > Content-Type: application/json; charset=UTF-8
1 > Content-Length: 83
1 > Host: api.realworld.io
1 > Connection: Keep-Alive
1 > User-Agent: Apache-HttpClient/4.5.13 (Java/13.0.2)
1 > Accept-Encoding: gzip,deflate
{"user":{"password":"123Karate123","email":"azima23","username":"orlando.wiegand"}}

14:36:05.591 [pool-2-thread-5] DEBUG com.intuit.karate - response time in milliseconds: 200
2 < 200
2 < Date: Wed, 06 Apr 2022 19:32:41 GMT
2 < Content-Type: application/json; charset=utf-8
2 < Transfer-Encoding: chunked
2 < Connection: keep-alive
2 < X-Powered-By: Express
2 < Access-Control-Allow-Origin: *
2 < Etag: W/"277-15esrwP7SAHHSQezjUvrplZtkpg"
2 < Via: 1.1 vegur
2 < CF-Cache-Status: DYNAMIC
2 < Expect-CT: max-age=604800, report-uri="https://report-uri.cloudflare.com/cdn-cgi/beacon/expect-ct"
2 < Report-To: {"endpoints":[{"url":"https:\/\/a.nel.cloudflare.com\/report\/v3?s=ZLQfVDfZ0d%2FMxjdubPPiz%2FNrN9IYNNaqWWggNIKkiAHrODhIix8w5DGuReXB6%2F8wNRTZdfELxemV9KkTdTvGvI9HOUZn6OwuVTMHZtqF4Pk1MzZG2NobxNm3j8qXNBaKq%2Bzh"}],"group":"cf-nel","max_age":604800}
2 < NEL: {"success_fraction":0,"report_to":"cf-nel","max_age":604800}
2 < Server: cloudflare
2 < CF-RAY: 6f7cf36dfd250f3a-DFW
2 < alt-svc: h3=":443"; ma=86400, h3-29=":443"; ma=86400
{"article":{"author":{"image":"https:\/\/api.realworld.io\/images\/smiley-cyrus.jpeg","following":false,"bio":null,"username":"azima123"},"description":"Ar Noy","title":"Alayaya","body":"Every flight begins with a fall.","authorId":32615,"favoritesCount":1,"tagList":[],"createdAt":"2022-03-28T21:24:49.596Z","favoritedBy":[{"image":"https:\/\/api.realworld.io\/images\/smiley-cyrus.jpeg","password":"$2a$10$NK8nY3U\/ot.goW45ejd3UOXgEw1.JX4AdCkg9LvLecgzX0qoeFQMe","bio":null,"id":32615,"demo":false,"email":"azima@gmail.com","username":"azima123"}],"id":47738,"slug":"Alayaya-32615","updatedAt":"2022-03-28T21:24:49.596Z","favorited":true}}
14:36:05.606 [pool-2-thread-5] DEBUG com.intuit.karate - request:
3 > GET https://api.realworld.io/api/articles/Alayaya-32615
3 > Authorization: Token eyJhbGciOiJIUzI1NiIsInR5cCI6IkpXVCJ9.eyJlbWFpbCI6ImF6aW1hQGdtYWlsLmNvbSIsInVzZXJuYW1lIjoiYXppbWExMjMiLCJpYXQiOjE2NDkyNzM1NjAsImV4cCI6MTY1NDQ1NzU2MH0.vxqmBgUskP3hDTJ4r7DYQMlvAmbLuo6PcyTon6DeDF8
3 > Host: api.realworld.io
3 > Connection: Keep-Alive
3 > User-Agent: Apache-HttpClient/4.5.13 (Java/13.0.2)
3 > Accept-Encoding: gzip,deflate


14:36:05.789 [pool-2-thread-2] DEBUG com.intuit.karate - response time in milliseconds: 339
1 < 200
1 < Date: Wed, 06 Apr 2022 19:32:41 GMT
1 < Content-Type: application/json; charset=utf-8
1 < Transfer-Encoding: chunked
1 < Connection: keep-alive
1 < X-Powered-By: Express
1 < Access-Control-Allow-Origin: *
1 < Etag: W/"14c-hzNdirzVcmmiD3/h76aTjEWaioc"
1 < Via: 1.1 vegur
1 < CF-Cache-Status: DYNAMIC
1 < Expect-CT: max-age=604800, report-uri="https://report-uri.cloudflare.com/cdn-cgi/beacon/expect-ct"
1 < Report-To: {"endpoints":[{"url":"https:\/\/a.nel.cloudflare.com\/report\/v3?s=acNeQYWrGq%2FnV1K%2Bt%2BhcBtKdcSUpziDvXGK8RP%2B7a3s7BAK6l72aTzOt68DlOZHBrjh0xA8KhwuHNrLsJDAfWh5GbcJ3Zg4uFG%2F2Mpgq0sfs%2F4a49%2FWx33mI%2FePu4Lgo7qu3"}],"group":"cf-nel","max_age":604800}
1 < NEL: {"success_fraction":0,"report_to":"cf-nel","max_age":604800}
1 < Server: cloudflare
1 < CF-RAY: 6f7cf36e6cabc7fe-DFW
1 < alt-svc: h3=":443"; ma=86400, h3-29=":443"; ma=86400
{"user":{"image":"https:\/\/api.realworld.io\/images\/smiley-cyrus.jpeg","bio":null,"email":"azima@gmail.com","username":"azima123","token":"eyJhbGciOiJIUzI1NiIsInR5cCI6IkpXVCJ9.eyJlbWFpbCI6ImF6aW1hQGdtYWlsLmNvbSIsInVzZXJuYW1lIjoiYXppbWExMjMiLCJpYXQiOjE2NDkyNzM1NjEsImV4cCI6MTY1NDQ1NzU2MX0.HdkCcuEqsS9i3yM52BU4ay3iY87ro1koSOzg9y83Vgw"}}
14:36:05.791 [pool-2-thread-2] INFO  com.intuit.karate - << lock released, cached callonce: read('classpath:conduitApp/helpers/CreateToken.feature')
14:36:05.791 [pool-2-thread-1] WARN  com.intuit.karate - this thread waited 353 milliseconds for callonce lock: read('classpath:conduitApp/helpers/CreateToken.feature')
14:36:05.791 [pool-2-thread-2] WARN  com.intuit.karate - over-writing existing variable 'token' with new value: tokenResponse.authToken
14:36:05.791 [pool-2-thread-1] WARN  com.intuit.karate - over-writing existing variable 'token' with new value: tokenResponse.authToken
14:36:05.794 [pool-2-thread-2] DEBUG com.intuit.karate - request:
2 > POST https://api.realworld.io/api/articles
2 > Authorization: Token eyJhbGciOiJIUzI1NiIsInR5cCI6IkpXVCJ9.eyJlbWFpbCI6ImF6aW1hQGdtYWlsLmNvbSIsInVzZXJuYW1lIjoiYXppbWExMjMiLCJpYXQiOjE2NDkyNzM1NjAsImV4cCI6MTY1NDQ1NzU2MH0.vxqmBgUskP3hDTJ4r7DYQMlvAmbLuo6PcyTon6DeDF8
2 > Content-Type: application/json; charset=UTF-8
2 > Content-Length: 132
2 > Host: api.realworld.io
2 > Connection: Keep-Alive
2 > User-Agent: Apache-HttpClient/4.5.13 (Java/13.0.2)
2 > Accept-Encoding: gzip,deflate
{"article":{"tagList":[],"description":"Norvos","title":"Clydas","body":"A lion doesn't concern itself with the opinion of sheep."}}

14:36:05.794 [pool-2-thread-1] DEBUG com.intuit.karate - request:
2 > POST https://api.realworld.io/api/articles
2 > Authorization: Token eyJhbGciOiJIUzI1NiIsInR5cCI6IkpXVCJ9.eyJlbWFpbCI6ImF6aW1hQGdtYWlsLmNvbSIsInVzZXJuYW1lIjoiYXppbWExMjMiLCJpYXQiOjE2NDkyNzM1NjAsImV4cCI6MTY1NDQ1NzU2MH0.vxqmBgUskP3hDTJ4r7DYQMlvAmbLuo6PcyTon6DeDF8
2 > Content-Type: application/json; charset=UTF-8
2 > Content-Length: 270
2 > Host: api.realworld.io
2 > Connection: Keep-Alive
2 > User-Agent: Apache-HttpClient/4.5.13 (Java/13.0.2)
2 > Accept-Encoding: gzip,deflate
{"article":{"tagList":[],"description":"Ar Noy","title":"Helman Tallhart","body":"And so he spoke, and so he spoke, that Lord of Castamere, but now the rains weep o'er his hall, with no one there to hear. Yes, now the rains weep o'er his hall, and not a soul to hear."}}

14:36:05.797 [pool-2-thread-3] DEBUG com.intuit.karate - response time in milliseconds: 289
1 < 422
1 < Date: Wed, 06 Apr 2022 19:32:41 GMT
1 < Content-Type: application/json; charset=utf-8
1 < Content-Length: 47
1 < Connection: keep-alive
1 < X-Powered-By: Express
1 < Access-Control-Allow-Origin: *
1 < Etag: W/"2f-BJEnYqgmLwV4NGkXB9OccFtans4"
1 < Via: 1.1 vegur
1 < CF-Cache-Status: DYNAMIC
1 < Expect-CT: max-age=604800, report-uri="https://report-uri.cloudflare.com/cdn-cgi/beacon/expect-ct"
1 < Report-To: {"endpoints":[{"url":"https:\/\/a.nel.cloudflare.com\/report\/v3?s=qFjvTMAHA16hMnwDJxbh39q3yEYI1Od6ScIdTqacFBYI2NedpauooyGojwckArSRTq7dXP3MUAugKTI9UmGBFZGd%2BeDKsJCNtmbnVslZtz6HyOcYNLUwNWU36TIsm0VwYoJM"}],"group":"cf-nel","max_age":604800}
1 < NEL: {"success_fraction":0,"report_to":"cf-nel","max_age":604800}
1 < Server: cloudflare
1 < CF-RAY: 6f7cf36ebe600bfb-DFW
1 < alt-svc: h3=":443"; ma=86400, h3-29=":443"; ma=86400
{"errors":{"email":["has already been taken"]}}
14:36:05.801 [pool-2-thread-4] DEBUG com.intuit.karate - response time in milliseconds: 301
1 < 422
1 < Date: Wed, 06 Apr 2022 19:32:41 GMT
1 < Content-Type: application/json; charset=utf-8
1 < Content-Length: 85
1 < Connection: keep-alive
1 < X-Powered-By: Express
1 < Access-Control-Allow-Origin: *
1 < Etag: W/"55-NjrsT9gca4ZDmlQ/ixYZy7cuscc"
1 < Via: 1.1 vegur
1 < CF-Cache-Status: DYNAMIC
1 < Expect-CT: max-age=604800, report-uri="https://report-uri.cloudflare.com/cdn-cgi/beacon/expect-ct"
1 < Report-To: {"endpoints":[{"url":"https:\/\/a.nel.cloudflare.com\/report\/v3?s=jJEsnEMcRTbITEWu2HGkTX5ZQ6XRZO1o%2F%2BuaiF1kXVha3j9%2B4ZEFPMvXWkdbLwSwx1btJJ3djWk3ZskoXf3jthIOK1tpydKYn3I844gH1BV9C6RZFe806VuCxX9WWjBFATAi"}],"group":"cf-nel","max_age":604800}
1 < NEL: {"success_fraction":0,"report_to":"cf-nel","max_age":604800}
1 < Server: cloudflare
1 < CF-RAY: 6f7cf36eaa486737-DFW
1 < alt-svc: h3=":443"; ma=86400, h3-29=":443"; ma=86400
{"errors":{"email":["has already been taken"],"username":["has already been taken"]}}
14:36:05.806 [pool-2-thread-3] INFO  com.intuit.karate - karate.env system property was: null 
14:36:05.810 [pool-2-thread-4] INFO  com.intuit.karate - karate.env system property was: null 
14:36:05.856 [pool-2-thread-3] DEBUG com.intuit.karate - request:
1 > POST https://api.realworld.io/api/users
1 > Authorization: Token eyJhbGciOiJIUzI1NiIsInR5cCI6IkpXVCJ9.eyJlbWFpbCI6ImF6aW1hQGdtYWlsLmNvbSIsInVzZXJuYW1lIjoiYXppbWExMjMiLCJpYXQiOjE2NDkyNzM1NjAsImV4cCI6MTY1NDQ1NzU2MH0.vxqmBgUskP3hDTJ4r7DYQMlvAmbLuo6PcyTon6DeDF8
1 > Content-Type: application/json; charset=UTF-8
1 > Content-Length: 102
1 > Host: api.realworld.io
1 > Connection: Keep-Alive
1 > User-Agent: Apache-HttpClient/4.5.13 (Java/13.0.2)
1 > Accept-Encoding: gzip,deflate
{"user":{"password":"123Karate123","email":"woodrow79@test.com","username":"azima120786595656565656"}}

14:36:05.862 [pool-2-thread-4] DEBUG com.intuit.karate - request:
1 > POST https://api.realworld.io/api/users
1 > Authorization: Token eyJhbGciOiJIUzI1NiIsInR5cCI6IkpXVCJ9.eyJlbWFpbCI6ImF6aW1hQGdtYWlsLmNvbSIsInVzZXJuYW1lIjoiYXppbWExMjMiLCJpYXQiOjE2NDkyNzM1NjAsImV4cCI6MTY1NDQ1NzU2MH0.vxqmBgUskP3hDTJ4r7DYQMlvAmbLuo6PcyTon6DeDF8
1 > Content-Type: application/json; charset=UTF-8
1 > Content-Length: 68
1 > Host: api.realworld.io
1 > Connection: Keep-Alive
1 > User-Agent: Apache-HttpClient/4.5.13 (Java/13.0.2)
1 > Accept-Encoding: gzip,deflate
{"user":{"password":"123Karate123","email":"","username":"azima12"}}

14:36:05.868 [pool-2-thread-5] DEBUG com.intuit.karate - response time in milliseconds: 262
3 < 200
3 < Date: Wed, 06 Apr 2022 19:32:41 GMT
3 < Content-Type: application/json; charset=utf-8
3 < Transfer-Encoding: chunked
3 < Connection: keep-alive
3 < X-Powered-By: Express
3 < Access-Control-Allow-Origin: *
3 < Etag: W/"170-U61MQn/kOeSN4RCEhFAPy1WkPTE"
3 < Via: 1.1 vegur
3 < CF-Cache-Status: DYNAMIC
3 < Expect-CT: max-age=604800, report-uri="https://report-uri.cloudflare.com/cdn-cgi/beacon/expect-ct"
3 < Report-To: {"endpoints":[{"url":"https:\/\/a.nel.cloudflare.com\/report\/v3?s=HdwbSw4D%2B3qTba%2BgeukPwB%2FPjo0gUCIhqiSBpIBowYrP0zUzhcrtLbbpZoQEFhGD%2Bo8%2BLJ29sJtchtMhECEi8wEaQW93AWz2nd%2Fv7LAZVc53uv4hVh%2FZHViBlAs0Jsp5DUhv"}],"group":"cf-nel","max_age":604800}
3 < NEL: {"success_fraction":0,"report_to":"cf-nel","max_age":604800}
3 < Server: cloudflare
3 < CF-RAY: 6f7cf36f4eb72f79-DFW
3 < alt-svc: h3=":443"; ma=86400, h3-29=":443"; ma=86400
{"article":{"tagList":[],"createdAt":"2022-03-28T21:24:49.596Z","author":{"image":"https:\/\/api.realworld.io\/images\/smiley-cyrus.jpeg","following":false,"bio":null,"username":"azima123"},"description":"Ar Noy","title":"Alayaya","body":"Every flight begins with a fall.","favoritesCount":1,"slug":"Alayaya-32615","updatedAt":"2022-03-28T21:24:49.596Z","favorited":true}}
14:36:05.870 [pool-2-thread-5] INFO  com.intuit.karate - [print] {
  "article": {
    "tagList": [
    ],
    "createdAt": "2022-03-28T21:24:49.596Z",
    "author": {
      "image": "https://api.realworld.io/images/smiley-cyrus.jpeg",
      "following": false,
      "bio": null,
      "username": "azima123"
    },
    "description": "Ar Noy",
    "title": "Alayaya",
    "body": "Every flight begins with a fall.",
    "favoritesCount": 1,
    "slug": "Alayaya-32615",
    "updatedAt": "2022-03-28T21:24:49.596Z",
    "favorited": true
  }
}
 
14:36:05.874 [pool-2-thread-5] ERROR com.intuit.karate - classpath:conduitApp/feature/homework.feature:63
And match response.article.favoritesCount == count + 1
match failed: EQUALS
  $ | not equal (NUMBER:NUMBER)
  1
  2

classpath:conduitApp/feature/homework.feature:63
14:36:05.882 [pool-2-thread-5] INFO  com.intuit.karate - karate.env system property was: null 
14:36:05.918 [pool-2-thread-5] DEBUG com.intuit.karate - request:
1 > POST https://api.realworld.io/api/users
1 > Authorization: Token eyJhbGciOiJIUzI1NiIsInR5cCI6IkpXVCJ9.eyJlbWFpbCI6ImF6aW1hQGdtYWlsLmNvbSIsInVzZXJuYW1lIjoiYXppbWExMjMiLCJpYXQiOjE2NDkyNzM1NjAsImV4cCI6MTY1NDQ1NzU2MH0.vxqmBgUskP3hDTJ4r7DYQMlvAmbLuo6PcyTon6DeDF8
1 > Content-Type: application/json; charset=UTF-8
1 > Content-Length: 73
1 > Host: api.realworld.io
1 > Connection: Keep-Alive
1 > User-Agent: Apache-HttpClient/4.5.13 (Java/13.0.2)
1 > Accept-Encoding: gzip,deflate
{"user":{"password":"","email":"azima23@gmail.com","username":"azima12"}}

14:36:06.004 [pool-2-thread-2] DEBUG com.intuit.karate - response time in milliseconds: 209
2 < 200
2 < Date: Wed, 06 Apr 2022 19:32:41 GMT
2 < Content-Type: application/json; charset=utf-8
2 < Transfer-Encoding: chunked
2 < Connection: keep-alive
2 < X-Powered-By: Express
2 < Access-Control-Allow-Origin: *
2 < Etag: W/"187-Ez/Cn1OlShdC1R/UWNip3Z/lhPs"
2 < Via: 1.1 vegur
2 < CF-Cache-Status: DYNAMIC
2 < Expect-CT: max-age=604800, report-uri="https://report-uri.cloudflare.com/cdn-cgi/beacon/expect-ct"
2 < Report-To: {"endpoints":[{"url":"https:\/\/a.nel.cloudflare.com\/report\/v3?s=J6Xc%2Bs95R0xNUID4NFGOybNfDhU%2FQKDb8eYbGm0JObrFB98BE%2Bx0ECwAF8zpQrFE1QuJJtzTkxi2C6ccOssWjpMGQTG%2FDk%2FVd09e6Wa65v2qQ%2BA4bUUQ4iRTZsglyku2TbWf"}],"group":"cf-nel","max_age":604800}
2 < NEL: {"success_fraction":0,"report_to":"cf-nel","max_age":604800}
2 < Server: cloudflare
2 < CF-RAY: 6f7cf3708aea9eef-DFW
2 < alt-svc: h3=":443"; ma=86400, h3-29=":443"; ma=86400
{"article":{"tagList":[],"createdAt":"2022-04-06T19:32:41.759Z","author":{"image":"https:\/\/api.realworld.io\/images\/smiley-cyrus.jpeg","following":false,"bio":null,"username":"azima123"},"description":"Norvos","title":"Clydas","body":"A lion doesn't concern itself with the opinion of sheep.","favoritesCount":0,"slug":"Clydas-32615","updatedAt":"2022-04-06T19:32:41.759Z","favorited":false}}
14:36:06.008 [pool-2-thread-1] DEBUG com.intuit.karate - response time in milliseconds: 214
2 < 200
2 < Date: Wed, 06 Apr 2022 19:32:41 GMT
2 < Content-Type: application/json; charset=utf-8
2 < Transfer-Encoding: chunked
2 < Connection: keep-alive
2 < X-Powered-By: Express
2 < Access-Control-Allow-Origin: *
2 < Etag: W/"21a-8BhhjshwguX59o/cg9Ar7y9VwMA"
2 < Via: 1.1 vegur
2 < CF-Cache-Status: DYNAMIC
2 < Expect-CT: max-age=604800, report-uri="https://report-uri.cloudflare.com/cdn-cgi/beacon/expect-ct"
2 < Report-To: {"endpoints":[{"url":"https:\/\/a.nel.cloudflare.com\/report\/v3?s=sg%2B3%2F26JJUI6jVZDPoWxyXQsKBvopaupGILviMt6yiv9fqc%2FXcsn2iKafF8UZbtiyO2B3ieNivK%2Bs42zGAYDQoGnv2mKHWELonyOtFEfD0N4LVGFTq6N0rA2fNTewtM6uaG5"}],"group":"cf-nel","max_age":604800}
2 < NEL: {"success_fraction":0,"report_to":"cf-nel","max_age":604800}
2 < Server: cloudflare
2 < CF-RAY: 6f7cf3709fab8163-DFW
2 < alt-svc: h3=":443"; ma=86400, h3-29=":443"; ma=86400
{"article":{"tagList":[],"createdAt":"2022-04-06T19:32:41.773Z","author":{"image":"https:\/\/api.realworld.io\/images\/smiley-cyrus.jpeg","following":false,"bio":null,"username":"azima123"},"description":"Ar Noy","title":"Helman Tallhart","body":"And so he spoke, and so he spoke, that Lord of Castamere, but now the rains weep o'er his hall, with no one there to hear. Yes, now the rains weep o'er his hall, and not a soul to hear.","favoritesCount":0,"slug":"Helman-Tallhart-32615","updatedAt":"2022-04-06T19:32:41.773Z","favorited":false}}
14:36:06.010 [pool-2-thread-2] DEBUG com.intuit.karate - request:
3 > GET https://api.realworld.io/api/articles?limit=10&offset=0
3 > Authorization: Token eyJhbGciOiJIUzI1NiIsInR5cCI6IkpXVCJ9.eyJlbWFpbCI6ImF6aW1hQGdtYWlsLmNvbSIsInVzZXJuYW1lIjoiYXppbWExMjMiLCJpYXQiOjE2NDkyNzM1NjAsImV4cCI6MTY1NDQ1NzU2MH0.vxqmBgUskP3hDTJ4r7DYQMlvAmbLuo6PcyTon6DeDF8
3 > Host: api.realworld.io
3 > Connection: Keep-Alive
3 > User-Agent: Apache-HttpClient/4.5.13 (Java/13.0.2)
3 > Accept-Encoding: gzip,deflate


14:36:06.020 [pool-2-thread-1] INFO  com.intuit.karate - karate.env system property was: null 
14:36:06.022 [pool-2-thread-4] DEBUG com.intuit.karate - response time in milliseconds: 160
1 < 422
1 < Date: Wed, 06 Apr 2022 19:32:41 GMT
1 < Content-Type: application/json; charset=utf-8
1 < Content-Length: 39
1 < Connection: keep-alive
1 < X-Powered-By: Express
1 < Access-Control-Allow-Origin: *
1 < Etag: W/"27-t1Jmbh6zWQl9abIACseOZh9CIII"
1 < Via: 1.1 vegur
1 < CF-Cache-Status: DYNAMIC
1 < Expect-CT: max-age=604800, report-uri="https://report-uri.cloudflare.com/cdn-cgi/beacon/expect-ct"
1 < Report-To: {"endpoints":[{"url":"https:\/\/a.nel.cloudflare.com\/report\/v3?s=pC8yvXGZs94%2Fe8Cn5yW5H%2FTAZ0ZmABspH1rRLwqmRJQkAAWM28R9Q2zDTHcicE20yaCQZBlj1uhrMNyBy1V6Q1lYgi5XjSa%2Bt0QAxUG7i92QUksQboE7ThyXdMqsmz%2FvP4vi"}],"group":"cf-nel","max_age":604800}
1 < NEL: {"success_fraction":0,"report_to":"cf-nel","max_age":604800}
1 < Server: cloudflare
1 < CF-RAY: 6f7cf370ed6f9f0d-DFW
1 < alt-svc: h3=":443"; ma=86400, h3-29=":443"; ma=86400
{"errors":{"email":["can't be blank"]}}
14:36:06.035 [pool-2-thread-3] DEBUG com.intuit.karate - response time in milliseconds: 178
1 < 422
1 < Date: Wed, 06 Apr 2022 19:32:41 GMT
1 < Content-Type: application/json; charset=utf-8
1 < Content-Length: 50
1 < Connection: keep-alive
1 < X-Powered-By: Express
1 < Access-Control-Allow-Origin: *
1 < Etag: W/"32-JsHJTKwNHW5NSVjFTl5ds7a++54"
1 < Via: 1.1 vegur
1 < CF-Cache-Status: DYNAMIC
1 < Expect-CT: max-age=604800, report-uri="https://report-uri.cloudflare.com/cdn-cgi/beacon/expect-ct"
1 < Report-To: {"endpoints":[{"url":"https:\/\/a.nel.cloudflare.com\/report\/v3?s=sIKOZYtfDi%2BH%2BO0Uu7Vd3cd3elIJv0q%2Bcr5yqGvmLV9y88fQakCfSlnxQqfNu3JorTJOsY7hCUu2BvfKrbqWtm%2FLftCYbY2rPn4fW7iuHFlIrZOteAjiHCQ%2BoAB3jrQU9Fp9"}],"group":"cf-nel","max_age":604800}
1 < NEL: {"success_fraction":0,"report_to":"cf-nel","max_age":604800}
1 < Server: cloudflare
1 < CF-RAY: 6f7cf370dde59ee8-DFW
1 < alt-svc: h3=":443"; ma=86400, h3-29=":443"; ma=86400
{"errors":{"username":["has already been taken"]}}
14:36:06.059 [pool-2-thread-1] DEBUG com.intuit.karate - request:
1 > POST https://api.realworld.io/api/users
1 > Authorization: Token eyJhbGciOiJIUzI1NiIsInR5cCI6IkpXVCJ9.eyJlbWFpbCI6ImF6aW1hQGdtYWlsLmNvbSIsInVzZXJuYW1lIjoiYXppbWExMjMiLCJpYXQiOjE2NDkyNzM1NjAsImV4cCI6MTY1NDQ1NzU2MH0.vxqmBgUskP3hDTJ4r7DYQMlvAmbLuo6PcyTon6DeDF8
1 > Content-Type: application/json; charset=UTF-8
1 > Content-Length: 78
1 > Host: api.realworld.io
1 > Connection: Keep-Alive
1 > User-Agent: Apache-HttpClient/4.5.13 (Java/13.0.2)
1 > Accept-Encoding: gzip,deflate
{"user":{"password":"123Karate123","email":"azima23@gmail.com","username":""}}

14:36:06.089 [pool-2-thread-5] DEBUG com.intuit.karate - response time in milliseconds: 169
1 < 422
1 < Date: Wed, 06 Apr 2022 19:32:41 GMT
1 < Content-Type: application/json; charset=utf-8
1 < Content-Length: 42
1 < Connection: keep-alive
1 < X-Powered-By: Express
1 < Access-Control-Allow-Origin: *
1 < Etag: W/"2a-qbpXJMY/Kgu11LsJcjS0p5wC5b0"
1 < Via: 1.1 vegur
1 < CF-Cache-Status: DYNAMIC
1 < Expect-CT: max-age=604800, report-uri="https://report-uri.cloudflare.com/cdn-cgi/beacon/expect-ct"
1 < Report-To: {"endpoints":[{"url":"https:\/\/a.nel.cloudflare.com\/report\/v3?s=mlyui6ZvxP6xHCGcwG06iUqgDENrexYpDFnKpG1iCgeu1uKD2sPg2bNDhtuWc7VcoR9L0sxJoZeOswkMGwsGVkavjJK%2FLngcnUZoqvx%2BU0Zl%2FQC7lXY3KtV2SNHW8gOaUWOr"}],"group":"cf-nel","max_age":604800}
1 < NEL: {"success_fraction":0,"report_to":"cf-nel","max_age":604800}
1 < Server: cloudflare
1 < CF-RAY: 6f7cf37148900ed6-DFW
1 < alt-svc: h3=":443"; ma=86400, h3-29=":443"; ma=86400
{"errors":{"password":["can't be blank"]}}
14:36:06.259 [pool-2-thread-1] DEBUG com.intuit.karate - response time in milliseconds: 200
1 < 422
1 < Date: Wed, 06 Apr 2022 19:32:42 GMT
1 < Content-Type: application/json; charset=utf-8
1 < Content-Length: 42
1 < Connection: keep-alive
1 < X-Powered-By: Express
1 < Access-Control-Allow-Origin: *
1 < Etag: W/"2a-AIsgLw77Dx1RWMepi6jZReyj6jg"
1 < Via: 1.1 vegur
1 < CF-Cache-Status: DYNAMIC
1 < Expect-CT: max-age=604800, report-uri="https://report-uri.cloudflare.com/cdn-cgi/beacon/expect-ct"
1 < Report-To: {"endpoints":[{"url":"https:\/\/a.nel.cloudflare.com\/report\/v3?s=RjHsruxQYuM%2Bcy1rzdi%2B%2Bj%2FDpm%2B1PUApeNyK37I8Fu%2BV4bRFj8vyEQEok7OL79ORUIKXgzPmuUqZvFQe2B3W2ChSREbQVNUmeFjsnactvtranYyySLg5kxGEgt0jv0Iyx64f"}],"group":"cf-nel","max_age":604800}
1 < NEL: {"success_fraction":0,"report_to":"cf-nel","max_age":604800}
1 < Server: cloudflare
1 < CF-RAY: 6f7cf3722a0993e0-DFW
1 < alt-svc: h3=":443"; ma=86400, h3-29=":443"; ma=86400
{"errors":{"username":["can't be blank"]}}
14:36:06.300 [pool-2-thread-2] DEBUG com.intuit.karate - response time in milliseconds: 285
3 < 200
3 < Date: Wed, 06 Apr 2022 19:32:42 GMT
3 < Content-Type: application/json; charset=utf-8
3 < Transfer-Encoding: chunked
3 < Connection: keep-alive
3 < X-Powered-By: Express
3 < Access-Control-Allow-Origin: *
3 < Etag: W/"e6d-XnlEk9a/4ijr8Dl52XR0iXU5+HA"
3 < Via: 1.1 vegur
3 < CF-Cache-Status: DYNAMIC
3 < Expect-CT: max-age=604800, report-uri="https://report-uri.cloudflare.com/cdn-cgi/beacon/expect-ct"
3 < Report-To: {"endpoints":[{"url":"https:\/\/a.nel.cloudflare.com\/report\/v3?s=xC9UZvMisF8hcGCnJb3E0uFTdJ59KN11gaeStNHKfS69ABENQIxgUfYx49rhKcGuxxic%2BChzdnf%2By58vet%2FnzNDPquXTthB4xdvI0mmJFYGUX2AIvE09IbxWnu2K4c4snU%2Fw"}],"group":"cf-nel","max_age":604800}
3 < NEL: {"success_fraction":0,"report_to":"cf-nel","max_age":604800}
3 < Server: cloudflare
3 < CF-RAY: 6f7cf371dd2e6780-DFW
3 < alt-svc: h3=":443"; ma=86400, h3-29=":443"; ma=86400
{"articlesCount":13,"articles":[{"tagList":[],"createdAt":"2022-04-06T19:32:41.773Z","author":{"image":"https:\/\/api.realworld.io\/images\/smiley-cyrus.jpeg","following":false,"bio":null,"username":"azima123"},"description":"Ar Noy","title":"Helman Tallhart","body":"And so he spoke, and so he spoke, that Lord of Castamere, but now the rains weep o'er his hall, with no one there to hear. Yes, now the rains weep o'er his hall, and not a soul to hear.","favoritesCount":0,"slug":"Helman-Tallhart-32615","updatedAt":"2022-04-06T19:32:41.773Z","favorited":false},{"tagList":[],"createdAt":"2022-04-06T19:32:41.759Z","author":{"image":"https:\/\/api.realworld.io\/images\/smiley-cyrus.jpeg","following":false,"bio":null,"username":"azima123"},"description":"Norvos","title":"Clydas","body":"A lion doesn't concern itself with the opinion of sheep.","favoritesCount":0,"slug":"Clydas-32615","updatedAt":"2022-04-06T19:32:41.759Z","favorited":false},{"tagList":[],"createdAt":"2022-03-28T21:24:49.596Z","author":{"image":"https:\/\/api.realworld.io\/images\/smiley-cyrus.jpeg","following":false,"bio":null,"username":"azima123"},"description":"Ar Noy","title":"Alayaya","body":"Every flight begins with a fall.","favoritesCount":1,"slug":"Alayaya-32615","updatedAt":"2022-03-28T21:24:49.596Z","favorited":true},{"tagList":[],"createdAt":"2022-03-28T20:54:13.658Z","author":{"image":"https:\/\/api.realworld.io\/images\/smiley-cyrus.jpeg","following":false,"bio":null,"username":"azima123"},"description":"Qarth","title":"Maron Volmark","body":"Nothing burns like the cold.","favoritesCount":1,"slug":"Maron-Volmark-32615","updatedAt":"2022-03-28T20:54:13.658Z","favorited":true},{"tagList":[],"createdAt":"2022-03-28T20:52:13.583Z","author":{"image":"https:\/\/api.realworld.io\/images\/smiley-cyrus.jpeg","following":false,"bio":null,"username":"azima123"},"description":"buh1bug","title":"Edwyn Frey","body":"buh1 bug","favoritesCount":0,"slug":"Edwyn-Frey-32615","updatedAt":"2022-03-28T20:52:13.583Z","favorited":false},{"tagList":[],"createdAt":"2022-03-25T21:52:21.329Z","author":{"image":"https:\/\/api.realworld.io\/images\/smiley-cyrus.jpeg","following":false,"bio":null,"username":"azima123"},"description":"buh1bug","title":"buh1 bug","body":"buh1 bug","favoritesCount":0,"slug":"buh1-bug-32615","updatedAt":"2022-03-25T21:52:21.329Z","favorited":false},{"tagList":[],"createdAt":"2022-03-25T21:43:44.105Z","author":{"image":"https:\/\/api.realworld.io\/images\/smiley-cyrus.jpeg","following":false,"bio":null,"username":"azima123"},"description":"buh bug","title":"buh bug","body":"buh bug","favoritesCount":0,"slug":"buh-bug-32615","updatedAt":"2022-03-25T21:43:44.105Z","favorited":false},{"tagList":[],"createdAt":"2022-03-23T20:01:03.052Z","author":{"image":"https:\/\/api.realworld.io\/images\/smiley-cyrus.jpeg","following":false,"bio":null,"username":"azima123"},"description":"article","title":"Bla blu","body":"article","favoritesCount":0,"slug":"Bla-blu-32615","updatedAt":"2022-03-23T20:01:03.052Z","favorited":false},{"tagList":[],"createdAt":"2022-03-23T18:31:15.005Z","author":{"image":"https:\/\/api.realworld.io\/images\/smiley-cyrus.jpeg","following":false,"bio":null,"username":"azima123"},"description":"article","title":"Delete","body":"article","favoritesCount":0,"slug":"Delete-32615","updatedAt":"2022-03-23T18:31:15.005Z","favorited":false},{"tagList":[],"createdAt":"2022-03-23T15:28:56.998Z","author":{"image":"https:\/\/api.realworld.io\/images\/smiley-cyrus.jpeg","following":false,"bio":null,"username":"azima123"},"description":"this is topic","title":"Some title","body":"this is article","favoritesCount":0,"slug":"Some-title-32615","updatedAt":"2022-03-23T15:28:56.998Z","favorited":false}]}
14:36:06.305 [pool-2-thread-2] ERROR com.intuit.karate - classpath:conduitApp/feature/Articles.feature:43
And match response.articles[0].title == articleRequestBody.article.title
match failed: EQUALS
  $ | not equal (STRING:STRING)
  'Helman Tallhart'
  'Clydas'

classpath:conduitApp/feature/Articles.feature:43
---------------------------------------------------------
feature: classpath:conduitApp/feature/Articles.feature
scenarios:  2 | passed:  1 | failed:  1 | time: 2.8654
---------------------------------------------------------

14:36:07.398 [pool-3-thread-1] INFO  com.intuit.karate.Suite - <<fail>> feature 1 of 5 (4 remaining) classpath:conduitApp/feature/Articles.feature
---------------------------------------------------------
feature: classpath:conduitApp/feature/HomePage.feature
scenarios:  2 | passed:  2 | failed:  0 | time: 0.9472
---------------------------------------------------------

14:36:07.540 [pool-3-thread-1] INFO  com.intuit.karate.Suite - <<pass>> feature 2 of 5 (3 remaining) classpath:conduitApp/feature/HomePage.feature
---------------------------------------------------------
feature: classpath:conduitApp/feature/homework.feature
scenarios:  1 | passed:  0 | failed:  1 | time: 1.1488
---------------------------------------------------------

14:36:07.728 [pool-3-thread-1] INFO  com.intuit.karate.Suite - <<fail>> feature 3 of 5 (2 remaining) classpath:conduitApp/feature/homework.feature
14:36:07.731 [pool-3-thread-1] INFO  com.intuit.karate - Aftfer feature 
---------------------------------------------------------
feature: classpath:conduitApp/feature/Hooks.feature
scenarios:  2 | passed:  2 | failed:  0 | time: 0.0471
---------------------------------------------------------

14:36:07.934 [pool-3-thread-1] INFO  com.intuit.karate.Suite - <<pass>> feature 4 of 5 (1 remaining) classpath:conduitApp/feature/Hooks.feature
---------------------------------------------------------
feature: classpath:conduitApp/feature/SignUp.feature
scenarios:  7 | passed:  7 | failed:  0 | time: 1.9529
---------------------------------------------------------

14:36:08.123 [pool-3-thread-1] INFO  com.intuit.karate.Suite - <<pass>> feature 5 of 5 (0 remaining) classpath:conduitApp/feature/SignUp.feature
Karate version: 1.0.0
======================================================
elapsed:   5.61 | threads:    5 | thread time: 6.96 
features:     5 | skipped:    0 | efficiency: 0.25
scenarios:   14 | passed:    12 | failed: 2
======================================================
>>> failed features:
match failed: EQUALS
  $ | not equal (STRING:STRING)
  'Helman Tallhart'
  'Clydas'

classpath:conduitApp/feature/Articles.feature:43
match failed: EQUALS
  $ | not equal (NUMBER:NUMBER)
  1
  2

classpath:conduitApp/feature/homework.feature:63
<<<

HTML report: (paste into browser to view) | Karate version: 1.0.0
file:///C:/Users/azima.keshwani/Desktop/LearnKarate/target/karate-reports/karate-summary.html
===================================================================

]]></system-out>
  </testcase>
</testsuite>